<?xml version="1.0" encoding="UTF-8"?>
<!-- Generated by org.testng.reporters.JUnitReportReporter -->
<testsuite skipped="0" hostname="INC00752" name="com.incture.proj.testNg.DemoTestNg3" tests="2" failures="0" timestamp="27 Nov 2017 09:38:54 GMT" time="0.236" errors="0">
  <testcase name="test1" time="0.231" classname="com.incture.proj.testNg.DemoTestNg3"/>
  <testcase name="test2" time="0.005" classname="com.incture.proj.testNg.DemoTestNg3"/>
</testsuite> <!-- com.incture.proj.testNg.DemoTestNg3 -->
