<?xml version="1.0" encoding="UTF-8"?>
<!-- Generated by org.testng.reporters.JUnitReportReporter -->
<testsuite skipped="0" hostname="INC00752" name="com.incture.testcases.WorkWithCustomAnnotations" tests="1" failures="0" timestamp="22 Nov 2017 11:50:46 GMT" time="0.008" errors="0">
  <testcase name="simpleTestMethod" time="0.008" classname="com.incture.testcases.WorkWithCustomAnnotations"/>
</testsuite> <!-- com.incture.testcases.WorkWithCustomAnnotations -->
