<?xml version="1.0" encoding="UTF-8"?>
<!-- Generated by org.testng.reporters.JUnitReportReporter -->
<testsuite skipped="0" hostname="INC00752" name="com.incture.proj.testNg.DemoTher" tests="4" failures="0" timestamp="27 Nov 2017 14:12:45 GMT" time="0.046" errors="0">
  <testcase name="test2" time="0.003" classname="com.incture.proj.testNg.DemoTher"/>
  <testcase name="test1" time="0.032" classname="com.incture.proj.testNg.DemoTher"/>
  <testcase name="test1" time="0.007" classname="com.incture.proj.testNg.DemoTher"/>
  <testcase name="test2" time="0.004" classname="com.incture.proj.testNg.DemoTher"/>
</testsuite> <!-- com.incture.proj.testNg.DemoTher -->
