<?xml version="1.0" encoding="UTF-8"?>
<!-- Generated by org.testng.reporters.JUnitReportReporter -->
<testsuite skipped="0" hostname="INC00752" name="com.incture.proj.testNg.DemoTestNg" tests="2" failures="0" timestamp="27 Nov 2017 08:53:33 GMT" time="1.577" errors="0">
  <testcase name="test2" time="0.630" classname="com.incture.proj.testNg.DemoTestNg"/>
  <testcase name="test1" time="0.947" classname="com.incture.proj.testNg.DemoTestNg"/>
</testsuite> <!-- com.incture.proj.testNg.DemoTestNg -->
